<?xml version="1.0" encoding="UTF-8"?>
<!-- Generated by org.testng.reporters.JUnitReportReporter -->
<testsuite skipped="0" hostname="Minky-PC" name="WeatherClass" tests="1" failures="0" timestamp="2019-10-28T12:05:49 CET" time="2.241" errors="0">
  <testcase name="GetWeather" time="2.241" classname="WeatherClass"/>
</testsuite> <!-- WeatherClass -->
