<?xml version="1.0" encoding="UTF-8"?>
<!-- Generated by org.testng.reporters.JUnitReportReporter -->
<testsuite skipped="0" hostname="Minky-PC" name="test.PostOperation" tests="1" failures="0" timestamp="2019-11-27T10:38:46 CET" time="0.430" errors="0">
  <testcase name="PostData" time="0.430" classname="test.PostOperation"/>
</testsuite> <!-- test.PostOperation -->
