<?xml version="1.0" encoding="UTF-8"?>
<!-- Generated by org.testng.reporters.JUnitReportReporter -->
<testsuite skipped="0" hostname="Minky-PC" name="test.UpdateComments" tests="1" failures="0" timestamp="2019-11-27T10:38:46 CET" time="0.309" errors="0">
  <testcase name="JiraAPI" time="0.309" classname="test.UpdateComments"/>
</testsuite> <!-- test.UpdateComments -->
