<?xml version="1.0" encoding="UTF-8"?>
<!-- Generated by org.testng.reporters.JUnitReportReporter -->
<testsuite skipped="0" hostname="Minky-PC" name="test.WithParameterization" tests="1" failures="0" timestamp="2019-11-27T10:38:46 CET" time="0.716" errors="0">
  <testcase name="test1" time="0.716" classname="test.WithParameterization"/>
</testsuite> <!-- test.WithParameterization -->
