<?xml version="1.0" encoding="UTF-8"?>
<!-- Generated by org.testng.reporters.JUnitReportReporter -->
<testsuite skipped="0" hostname="Minky-PC" name="test.EndToEndScnerio" tests="1" failures="0" timestamp="2019-11-27T10:38:46 CET" time="0.925" errors="0">
  <testcase name="addAndDelete" time="0.925" classname="test.EndToEndScnerio"/>
</testsuite> <!-- test.EndToEndScnerio -->
