<?xml version="1.0" encoding="UTF-8"?>
<!-- Generated by org.testng.reporters.JUnitReportReporter -->
<testsuite skipped="0" hostname="Minky-PC" name="UpdateComments" tests="1" failures="0" timestamp="2019-11-05T16:17:00 CET" time="2.058" errors="0">
  <testcase name="JiraAPI" time="2.058" classname="UpdateComments"/>
</testsuite> <!-- UpdateComments -->
