<?xml version="1.0" encoding="UTF-8"?>
<!-- Generated by org.testng.reporters.JUnitReportReporter -->
<testsuite skipped="0" hostname="Minky-PC" name="PostOperation" tests="1" failures="0" timestamp="2019-11-04T19:39:51 CET" time="2.964" errors="0">
  <testcase name="PostData" time="2.964" classname="PostOperation"/>
</testsuite> <!-- PostOperation -->
