<?xml version="1.0" encoding="UTF-8"?>
<!-- Generated by org.testng.reporters.JUnitReportReporter -->
<testsuite skipped="0" hostname="Minky-PC" name="EndToEndScnerio" tests="1" failures="0" timestamp="2019-10-30T11:43:31 CET" time="2.877" errors="0">
  <testcase name="addAndDelete" time="2.877" classname="EndToEndScnerio"/>
</testsuite> <!-- EndToEndScnerio -->
