<?xml version="1.0" encoding="UTF-8"?>
<!-- Generated by org.testng.reporters.JUnitReportReporter -->
<testsuite skipped="0" hostname="Minky-PC" name="WithParameterization" tests="1" failures="0" timestamp="2019-10-30T13:05:13 CET" time="3.539" errors="0">
  <testcase name="test1" time="3.539" classname="WithParameterization"/>
</testsuite> <!-- WithParameterization -->
